<?xml version="1.0" encoding="UTF-8"?>
<testsuite xmlns:xsi="http://www.w3.org/2001/XMLSchema-instance" xsi:noNamespaceSchemaLocation="https://maven.apache.org/surefire/maven-surefire-plugin/xsd/surefire-test-report-3.0.xsd" version="3.0" name="com.example.demo.NuevoRestDesarrolloApplicationTests" time="14.636" tests="1" errors="0" skipped="0" failures="0">
  <properties>
[...]
</properties>
  <testcase name="contextLoads" classname="com.example.demo.NuevoRestDesarrolloApplicationTests" time="1.309">
    <system-out><![CDATA[21:54:01.977 [main] INFO org.springframework.test.context.support.AnnotationConfigContextLoaderUtils -- Could not detect default configuration classes for test class [com.example.demo.NuevoRestDesarrolloApplicationTests]: NuevoRestDesarrolloApplicationTests does not declare any static, non-private, non-final, nested classes annotated with @Configuration.
21:54:02.123 [main] INFO org.springframework.boot.test.context.SpringBootTestContextBootstrapper -- Found @SpringBootConfiguration com.example.demo.NuevoRestDesarrolloApplication for test class com.example.demo.NuevoRestDesarrolloApplicationTests
21:54:02.437 [main] INFO org.springframework.boot.devtools.restart.RestartApplicationListener -- Restart disabled due to context in which it is running

  .   ____          _            __ _ _
 /\\ / ___'_ __ _ _(_)_ __  __ _ \ \ \ \
( ( )\___ | '_ | '_| | '_ \/ _` | \ \ \ \
 \\/  ___)| |_)| | | | | || (_| |  ) ) ) )
  '  |____| .__|_| |_|_| |_\__, | / / / /
 =========|_|==============|___/=/_/_/_/
 :: Spring Boot ::                (v3.2.6)

2024-10-22T21:54:02.894-05:00  INFO 12328 --- [           main] .e.d.NuevoRestDesarrolloApplicationTests : Starting NuevoRestDesarrolloApplicationTests using Java 17.0.9 with PID 12328 (started by ALUMNO in D:\Proyecto API\Nuevo_Rest_desarrollo)
2024-10-22T21:54:02.896-05:00  INFO 12328 --- [           main] .e.d.NuevoRestDesarrolloApplicationTests : No active profile set, falling back to 1 default profile: "default"
2024-10-22T21:54:04.155-05:00  INFO 12328 --- [           main] .s.d.r.c.RepositoryConfigurationDelegate : Bootstrapping Spring Data JPA repositories in DEFAULT mode.
2024-10-22T21:54:04.255-05:00  INFO 12328 --- [           main] .s.d.r.c.RepositoryConfigurationDelegate : Finished Spring Data repository scanning in 86 ms. Found 6 JPA repository interfaces.
2024-10-22T21:54:04.890-05:00  INFO 12328 --- [           main] o.hibernate.jpa.internal.util.LogHelper  : HHH000204: Processing PersistenceUnitInfo [name: default]
2024-10-22T21:54:04.999-05:00  INFO 12328 --- [           main] org.hibernate.Version                    : HHH000412: Hibernate ORM core version 6.4.8.Final
2024-10-22T21:54:05.061-05:00  INFO 12328 --- [           main] o.h.c.internal.RegionFactoryInitiator    : HHH000026: Second-level cache disabled
2024-10-22T21:54:05.438-05:00  INFO 12328 --- [           main] o.s.o.j.p.SpringPersistenceUnitInfo      : No LoadTimeWeaver setup: ignoring JPA class transformer
2024-10-22T21:54:05.471-05:00  INFO 12328 --- [           main] com.zaxxer.hikari.HikariDataSource       : HikariPool-1 - Starting...
2024-10-22T21:54:07.971-05:00  INFO 12328 --- [           main] com.zaxxer.hikari.pool.HikariPool        : HikariPool-1 - Added connection org.postgresql.jdbc.PgConnection@6cd2cb2
2024-10-22T21:54:07.974-05:00  INFO 12328 --- [           main] com.zaxxer.hikari.HikariDataSource       : HikariPool-1 - Start completed.
2024-10-22T21:54:08.289-05:00  WARN 12328 --- [           main] org.hibernate.orm.deprecation            : HHH90000025: PostgreSQLDialect does not need to be specified explicitly using 'hibernate.dialect' (remove the property setting and it will be selected by default)
2024-10-22T21:54:09.731-05:00  INFO 12328 --- [           main] o.h.e.t.j.p.i.JtaPlatformInitiator       : HHH000489: No JTA platform available (set 'hibernate.transaction.jta.platform' to enable JTA platform integration)
2024-10-22T21:54:13.895-05:00  INFO 12328 --- [           main] j.LocalContainerEntityManagerFactoryBean : Initialized JPA EntityManagerFactory for persistence unit 'default'
2024-10-22T21:54:14.583-05:00  WARN 12328 --- [           main] JpaBaseConfiguration$JpaWebConfiguration : spring.jpa.open-in-view is enabled by default. Therefore, database queries may be performed during view rendering. Explicitly configure spring.jpa.open-in-view to disable this warning
2024-10-22T21:54:15.020-05:00  INFO 12328 --- [           main] .e.d.NuevoRestDesarrolloApplicationTests : Started NuevoRestDesarrolloApplicationTests in 12.614 seconds (process running for 14.266)
]]></system-out>
  </testcase>
</testsuite>